#
# There is insufficient memory for the Java Runtime Environment to continue.
# Native memory allocation (mmap) failed to map 264241152 bytes for G1 virtual space
# Possible reasons:
#   The system is out of physical RAM or swap space
#   The process is running with CompressedOops enabled, and the Java Heap may be blocking the growth of the native heap
# Possible solutions:
#   Reduce memory load on the system
#   Increase physical memory or swap space
#   Check if swap backing store is full
#   Decrease Java heap size (-Xmx/-Xms)
#   Decrease number of Java threads
#   Decrease Java thread stack sizes (-Xss)
#   Set larger code cache with -XX:ReservedCodeCacheSize=
#   JVM is running with Zero Based Compressed Oops mode in which the Java heap is
#     placed in the first 32GB address space. The Java Heap base address is the
#     maximum limit for the native heap growth. Please use -XX:HeapBaseMinAddress
#     to set the Java Heap base and to place the Java Heap above 32GB virtual address.
# This output file may be truncated or incomplete.
#
#  Out of Memory Error (os_windows.cpp:3532), pid=39672, tid=22104
#
# JRE version:  (17.0.2+8) (build )
# Java VM: OpenJDK 64-Bit Server VM (17.0.2+8, mixed mode, sharing, tiered, compressed oops, compressed class ptrs, g1 gc, windows-amd64)
# No core dump will be written. Minidumps are not enabled by default on client versions of Windows
#

---------------  S U M M A R Y ------------

Command Line: -ea -Dfile.encoding=Cp1252 -XX:+ShowCodeDetailsInExceptionMessages org.testng.remote.RemoteTestNG -serport 62184 -protocol json -d C:\Users\r.pavithra\eclipse-workspace\SeleniumProject\test-output C:\Users\RBCF3~1.PAV\AppData\Local\Temp\testng-eclipse-531224064\testng-customsuite.xml

Host: 11th Gen Intel(R) Core(TM) i5-1135G7 @ 2.40GHz, 8 cores, 15G,  Windows 10 , 64 bit Build 19041 (10.0.19041.3636)
Time: Wed Aug 28 01:07:26 2024 India Standard Time elapsed time: 0.019872 seconds (0d 0h 0m 0s)

---------------  T H R E A D  ---------------

Current thread (0x000001f457cb5810):  JavaThread "Unknown thread" [_thread_in_vm, id=22104, stack(0x000000d807b00000,0x000000d807c00000)]

Stack: [0x000000d807b00000,0x000000d807c00000]
Native frames: (J=compiled Java code, j=interpreted, Vv=VM code, C=native code)
V  [jvm.dll+0x67564a]
V  [jvm.dll+0x82fc04]
V  [jvm.dll+0x8313ae]
V  [jvm.dll+0x831a13]
V  [jvm.dll+0x245235]
V  [jvm.dll+0x672539]
V  [jvm.dll+0x666e82]
V  [jvm.dll+0x30401b]
V  [jvm.dll+0x30b566]
V  [jvm.dll+0x35b1fe]
V  [jvm.dll+0x35b42f]
V  [jvm.dll+0x2daf58]
V  [jvm.dll+0x2dbec4]
V  [jvm.dll+0x801881]
V  [jvm.dll+0x368f81]
V  [jvm.dll+0x7e0cdc]
V  [jvm.dll+0x3eb8bf]
V  [jvm.dll+0x3ed441]
C  [jli.dll+0x5277]
C  [ucrtbase.dll+0x21bb2]
C  [KERNEL32.DLL+0x17344]
C  [ntdll.dll+0x526b1]


---------------  P R O C E S S  ---------------

Threads class SMR info:
_java_thread_list=0x00007ffbd1c65e98, length=0, elements={
}

Java Threads: ( => current thread )

Other Threads:
  0x000001f457d05710 GCTaskThread "GC Thread#0" [stack: 0x000000d807c00000,0x000000d807d00000] [id=13400]
  0x000001f457d16070 ConcurrentGCThread "G1 Main Marker" [stack: 0x000000d807d00000,0x000000d807e00000] [id=21084]
  0x000001f457d18140 ConcurrentGCThread "G1 Conc#0" [stack: 0x000000d807e00000,0x000000d807f00000] [id=11432]

[error occurred during error reporting (printing all threads), id 0xc0000005, EXCEPTION_ACCESS_VIOLATION (0xc0000005) at pc=0x00007ffbd143b9d7]

VM state: not at safepoint (not fully initialized)

VM Mutex/Monitor currently owned by a thread:  ([mutex/lock_event])
[0x000001f457cb0e40] Heap_lock - owner thread: 0x000001f457cb5810

Heap address: 0x0000000704e00000, size: 4018 MB, Compressed Oops mode: Zero based, Oop shift amount: 3

CDS archive(s) mapped at: [0x0000000000000000-0x0000000000000000-0x0000000000000000), size 0, SharedBaseAddress: 0x0000000800000000, ArchiveRelocationMode: 0.
Narrow klass base: 0x0000000000000000, Narrow klass shift: 0, Narrow klass range: 0x0

GC Precious Log:
<Empty>

Heap:
 garbage-first heap   total 0K, used 0K [0x0000000704e00000, 0x0000000800000000)
  region size 2048K, 0 young (0K), 0 survivors (0K)

[error occurred during error reporting (printing heap information), id 0xc0000005, EXCEPTION_ACCESS_VIOLATION (0xc0000005) at pc=0x00007ffbd181e899]

GC Heap History (0 events):
No events

Deoptimization events (0 events):
No events

Classes unloaded (0 events):
No events

Classes redefined (0 events):
No events

Internal exceptions (0 events):
No events

VM Operations (0 events):
No events

Events (1 events):
Event: 0.013 Loaded shared library C:\Users\r.pavithra\.p2\pool\plugins\org.eclipse.justj.openjdk.hotspot.jre.full.win32.x86_64_17.0.2.v20220201-1208\jre\bin\java.dll


Dynamic libraries:
0x00007ff676e50000 - 0x00007ff676e5e000 	C:\Users\r.pavithra\.p2\pool\plugins\org.eclipse.justj.openjdk.hotspot.jre.full.win32.x86_64_17.0.2.v20220201-1208\jre\bin\javaw.exe
0x00007ffc5c270000 - 0x00007ffc5c468000 	C:\windows\SYSTEM32\ntdll.dll
0x00007ffc5c170000 - 0x00007ffc5c22d000 	C:\windows\System32\KERNEL32.DLL
0x00007ffc59920000 - 0x00007ffc59c16000 	C:\windows\System32\KERNELBASE.dll
0x00007ffc5a030000 - 0x00007ffc5a130000 	C:\windows\System32\ucrtbase.dll
0x00007ffc3e000000 - 0x00007ffc3e018000 	C:\Users\r.pavithra\.p2\pool\plugins\org.eclipse.justj.openjdk.hotspot.jre.full.win32.x86_64_17.0.2.v20220201-1208\jre\bin\jli.dll
0x00007ffc4f730000 - 0x00007ffc4f749000 	C:\Users\r.pavithra\.p2\pool\plugins\org.eclipse.justj.openjdk.hotspot.jre.full.win32.x86_64_17.0.2.v20220201-1208\jre\bin\VCRUNTIME140.dll
0x00007ffc5b8e0000 - 0x00007ffc5ba7f000 	C:\windows\System32\USER32.dll
0x00007ffc3adb0000 - 0x00007ffc3b04a000 	C:\windows\WinSxS\amd64_microsoft.windows.common-controls_6595b64144ccf1df_6.0.19041.3636_none_60b6a03d71f818d5\COMCTL32.dll
0x00007ffc5a1e0000 - 0x00007ffc5a202000 	C:\windows\System32\win32u.dll
0x00007ffc5bd50000 - 0x00007ffc5bdee000 	C:\windows\System32\msvcrt.dll
0x00007ffc5b6e0000 - 0x00007ffc5b70b000 	C:\windows\System32\GDI32.dll
0x00007ffc59c20000 - 0x00007ffc59d37000 	C:\windows\System32\gdi32full.dll
0x00007ffc59d40000 - 0x00007ffc59ddd000 	C:\windows\System32\msvcp_win.dll
0x00007ffc5b710000 - 0x00007ffc5b742000 	C:\windows\System32\IMM32.DLL
0x0000000068000000 - 0x0000000068073000 	C:\windows\System32\QIPCAP64.dll
0x00007ffc5c0c0000 - 0x00007ffc5c170000 	C:\windows\System32\ADVAPI32.dll
0x00007ffc5b4d0000 - 0x00007ffc5b570000 	C:\windows\System32\sechost.dll
0x00007ffc5ba80000 - 0x00007ffc5bba3000 	C:\windows\System32\RPCRT4.dll
0x00007ffc59e50000 - 0x00007ffc59e77000 	C:\windows\System32\bcrypt.dll
0x00007ffc5a880000 - 0x00007ffc5afeb000 	C:\windows\System32\SHELL32.dll
0x00007ffc58d80000 - 0x00007ffc58e4b000 	C:\windows\SYSTEM32\DNSAPI.dll
0x00007ffc58d40000 - 0x00007ffc58d7b000 	C:\windows\SYSTEM32\IPHLPAPI.DLL
0x00007ffc5b6d0000 - 0x00007ffc5b6d8000 	C:\windows\System32\NSI.dll
0x00007ffc56890000 - 0x00007ffc5689c000 	C:\Users\r.pavithra\.p2\pool\plugins\org.eclipse.justj.openjdk.hotspot.jre.full.win32.x86_64_17.0.2.v20220201-1208\jre\bin\vcruntime140_1.dll
0x00007ffc1a3a0000 - 0x00007ffc1a431000 	C:\Users\r.pavithra\.p2\pool\plugins\org.eclipse.justj.openjdk.hotspot.jre.full.win32.x86_64_17.0.2.v20220201-1208\jre\bin\msvcp140.dll
0x00007ffbd1150000 - 0x00007ffbd1d97000 	C:\Users\r.pavithra\.p2\pool\plugins\org.eclipse.justj.openjdk.hotspot.jre.full.win32.x86_64_17.0.2.v20220201-1208\jre\bin\server\jvm.dll
0x00007ffc5a400000 - 0x00007ffc5a408000 	C:\windows\System32\PSAPI.DLL
0x00007ffc4fc10000 - 0x00007ffc4fc1a000 	C:\windows\SYSTEM32\VERSION.dll
0x00007ffc35720000 - 0x00007ffc35729000 	C:\windows\SYSTEM32\WSOCK32.dll
0x00007ffc4b7a0000 - 0x00007ffc4b7c7000 	C:\windows\SYSTEM32\WINMM.dll
0x00007ffc5bbb0000 - 0x00007ffc5bc1b000 	C:\windows\System32\WS2_32.dll
0x00007ffc58070000 - 0x00007ffc58082000 	C:\windows\SYSTEM32\kernel.appcore.dll
0x00007ffc4f690000 - 0x00007ffc4f69a000 	C:\Users\r.pavithra\.p2\pool\plugins\org.eclipse.justj.openjdk.hotspot.jre.full.win32.x86_64_17.0.2.v20220201-1208\jre\bin\jimage.dll
0x00007ffc57c60000 - 0x00007ffc57e44000 	C:\windows\SYSTEM32\DBGHELP.DLL
0x00007ffc36020000 - 0x00007ffc36054000 	C:\windows\SYSTEM32\dbgcore.DLL
0x00007ffc5a210000 - 0x00007ffc5a292000 	C:\windows\System32\bcryptPrimitives.dll
0x00007ffc34940000 - 0x00007ffc34965000 	C:\Users\r.pavithra\.p2\pool\plugins\org.eclipse.justj.openjdk.hotspot.jre.full.win32.x86_64_17.0.2.v20220201-1208\jre\bin\java.dll

dbghelp: loaded successfully - version: 4.0.5 - missing functions: none
symbol engine: initialized successfully - sym options: 0x614 - pdb path: .;C:\Users\r.pavithra\.p2\pool\plugins\org.eclipse.justj.openjdk.hotspot.jre.full.win32.x86_64_17.0.2.v20220201-1208\jre\bin;C:\windows\SYSTEM32;C:\windows\WinSxS\amd64_microsoft.windows.common-controls_6595b64144ccf1df_6.0.19041.3636_none_60b6a03d71f818d5;C:\Users\r.pavithra\.p2\pool\plugins\org.eclipse.justj.openjdk.hotspot.jre.full.win32.x86_64_17.0.2.v20220201-1208\jre\bin\server

VM Arguments:
jvm_args: -ea -Dfile.encoding=Cp1252 -XX:+ShowCodeDetailsInExceptionMessages 
java_command: org.testng.remote.RemoteTestNG -serport 62184 -protocol json -d C:\Users\r.pavithra\eclipse-workspace\SeleniumProject\test-output C:\Users\RBCF3~1.PAV\AppData\Local\Temp\testng-eclipse-531224064\testng-customsuite.xml
java_class_path (initial): C:\Users\r.pavithra\eclipse\jee-2022-03\eclipse\configuration\org.eclipse.osgi\960\0\.cp\lib\testng-remote.jar;C:\Users\r.pavithra\eclipse-workspace\SeleniumProject\target\test-classes;C:\Users\r.pavithra\eclipse-workspace\SeleniumProject\target\classes;C:\Users\r.pavithra\.m2\repository\org\seleniumhq\selenium\selenium-java\4.23.1\selenium-java-4.23.1.jar;C:\Users\r.pavithra\.m2\repository\org\seleniumhq\selenium\selenium-api\4.23.1\selenium-api-4.23.1.jar;C:\Users\r.pavithra\.m2\repository\org\seleniumhq\selenium\selenium-chrome-driver\4.23.1\selenium-chrome-driver-4.23.1.jar;C:\Users\r.pavithra\.m2\repository\com\google\auto\service\auto-service-annotations\1.1.1\auto-service-annotations-1.1.1.jar;C:\Users\r.pavithra\.m2\repository\org\seleniumhq\selenium\selenium-chromium-driver\4.23.1\selenium-chromium-driver-4.23.1.jar;C:\Users\r.pavithra\.m2\repository\org\seleniumhq\selenium\selenium-json\4.23.1\selenium-json-4.23.1.jar;C:\Users\r.pavithra\.m2\repository\org\seleniumhq\selenium\selenium-manager\4.23.1\selenium-manager-4.23.1.jar;C:\Users\r.pavithra\.m2\repository\org\seleniumhq\selenium\selenium-devtools-v125\4.23.1\selenium-devtools-v125-4.23.1.jar;C:\Users\r.pavithra\.m2\repository\org\seleniumhq\selenium\selenium-devtools-v126\4.23.1\selenium-devtools-v126-4.23.1.jar;C:\Users\r.pavithra\.m2\repository\org\seleniumhq\selenium\selenium-devtools-v127\4.23.1\selenium-devtools-v127-4.23.1.jar;C:\Users\r.pavithra\.m2\repository\org\seleniumhq\selenium\selenium-devtools-v85\4.23.1\selenium-devtools-v85-4.23.1.jar;C:\Users\r.pavithra\.m2\repository\org\seleniumhq\selenium\selenium-edge-driver\4.23.1\selenium-edge-driver-4.23.1.jar;C:\Users\r.pavithra\.m2\repository\org\seleniumhq\selenium\selenium-firefox-driver\4.23.1\selenium-firefox-driver-4.23.1.jar;C:\Users\r.pavithra\.m2\repository\org\seleniumhq\selenium\selenium-http\4.23.1\selenium-http-4.23.1.jar;C:\Users\r.pavithra\.m2\repository\dev\failsafe\failsafe\3.3.2\failsafe-3.3.2.j
Launcher Type: SUN_STANDARD

[Global flags]
     intx CICompilerCount                          = 4                                         {product} {ergonomic}
     uint ConcGCThreads                            = 2                                         {product} {ergonomic}
     uint G1ConcRefinementThreads                  = 8                                         {product} {ergonomic}
   size_t G1HeapRegionSize                         = 2097152                                   {product} {ergonomic}
    uintx GCDrainStackTargetSize                   = 64                                        {product} {ergonomic}
   size_t InitialHeapSize                          = 264241152                                 {product} {ergonomic}
   size_t MarkStackSize                            = 4194304                                   {product} {ergonomic}
   size_t MaxHeapSize                              = 4213178368                                {product} {ergonomic}
   size_t MinHeapDeltaBytes                        = 2097152                                   {product} {ergonomic}
   size_t MinHeapSize                              = 8388608                                   {product} {ergonomic}
    uintx NonNMethodCodeHeapSize                   = 5839372                                {pd product} {ergonomic}
    uintx NonProfiledCodeHeapSize                  = 122909434                              {pd product} {ergonomic}
    uintx ProfiledCodeHeapSize                     = 122909434                              {pd product} {ergonomic}
    uintx ReservedCodeCacheSize                    = 251658240                              {pd product} {ergonomic}
     bool SegmentedCodeCache                       = true                                      {product} {ergonomic}
     bool ShowCodeDetailsInExceptionMessages       = true                                   {manageable} {command line}
   size_t SoftMaxHeapSize                          = 4213178368                             {manageable} {ergonomic}
     bool UseCompressedClassPointers               = true                           {product lp64_product} {ergonomic}
     bool UseCompressedOops                        = true                           {product lp64_product} {ergonomic}
     bool UseG1GC                                  = true                                      {product} {ergonomic}
     bool UseLargePagesIndividualAllocation        = false                                  {pd product} {ergonomic}

Logging:
Log output configuration:
 #0: stdout all=warning uptime,level,tags
 #1: stderr all=off uptime,level,tags

Environment Variables:
JAVA_HOME=C:\Program Files\Java\jdk-11.0.5
PATH=C:/Users/r.pavithra/.p2/pool/plugins/org.eclipse.justj.openjdk.hotspot.jre.full.win32.x86_64_17.0.2.v20220201-1208/jre/bin/server;C:/Users/r.pavithra/.p2/pool/plugins/org.eclipse.justj.openjdk.hotspot.jre.full.win32.x86_64_17.0.2.v20220201-1208/jre/bin;C:\windows\system32;C:\windows;C:\windows\System32\Wbem;C:\windows\System32\WindowsPowerShell\v1.0\;C:\windows\System32\OpenSSH\;C:\opscode\chef\bin\;C:\Program Files\WinMerge;C:\Program Files\PuTTY\;C:\Program Files\TortoiseSVN\bin;C:\Program Files\Java\jdk-11.0.5\bin;C:\Program Files\TortoiseGit\bin;C:\Program Files (x86)\Microsoft SQL Server\150\DTS\Binn\;C:\Program Files\Azure Data Studio\bin;C:\Users\r.pavithra\AppData\Local\Android\Sdk\tools\bin;C:\Users\r.pavithra\AppData\Local\Android\Sdk\tools;C:\Users\r.pavithra\AppData\Local\Android\Sdk\platform-tools;C:\Program Files\Java\jdk-11.0.5\bin;C:\Program Files\nodejs\;C:\Users\r.pavithra\node_modules\appium-uiautomator2-driver\node_modules\appium-chromedriver;C:\Program Files\nodejs\node_modules\npm;C:\Users\r.pavithra\AppData\Roaming\npm;C:\Users\r.pavithra\AppData\Local\Android\Sdk\emulator;C:\Users\r.pavithra\AppData\Local\Microsoft\WindowsApps;C:\Users\r.pavithra\AppData\Local\Programs\Microsoft VS Code\bin;C:\Users\r.pavithra\AppData\Local\Programs\Git\cmd;D:\IntelliJ IDEA 2023.2.2\bin;;C:\Users\r.pavithra\AppData\Roaming\npm;C:\windows\System32;
USERNAME=r.pavithra
OS=Windows_NT
PROCESSOR_IDENTIFIER=Intel64 Family 6 Model 140 Stepping 1, GenuineIntel



---------------  S Y S T E M  ---------------

OS:
 Windows 10 , 64 bit Build 19041 (10.0.19041.3636)
OS uptime: 7 days 1:59 hours

CPU: total 8 (initial active 8) (4 cores per cpu, 2 threads per core) family 6 model 140 stepping 1 microcode 0xb6, cx8, cmov, fxsr, ht, mmx, 3dnowpref, sse, sse2, sse3, ssse3, sse4.1, sse4.2, popcnt, lzcnt, tsc, tscinvbit, avx, avx2, aes, erms, clmul, bmi1, bmi2, adx, avx512f, avx512dq, avx512cd, avx512bw, avx512vl, sha, fma, vzeroupper, avx512_vpopcntdq, avx512_vpclmulqdq, avx512_vaes, avx512_vnni, clflush, clflushopt, clwb, avx512_vbmi2, avx512_vbmi

Memory: 4k page, system-wide physical 16064M (3806M free)
TotalPageFile size 29503M (AvailPageFile size 247M)
current process WorkingSet (physical memory assigned to process): 11M, peak: 11M
current process commit charge ("private bytes"): 60M, peak: 312M

vm_info: OpenJDK 64-Bit Server VM (17.0.2+8) for windows-amd64 JRE (17.0.2+8), built on Jan 20 2022 04:52:34 by "" with MS VC++ 16.7 (VS2019)

END.
